<?xml version="1.0" encoding="UTF-8"?>
<testsuite xmlns:xsi="http://www.w3.org/2001/XMLSchema-instance" xsi:noNamespaceSchemaLocation="https://maven.apache.org/surefire/maven-surefire-plugin/xsd/surefire-test-report-3.0.xsd" version="3.0" name="modulos.produto.ProdutoTest" time="4.289" tests="1" errors="0" skipped="0" failures="0">
  <properties>
[...]
</properties>
  <testcase name="AlterarProdutoEspecifico" classname="modulos.produto.ProdutoTest" time="4.261">
    <system-out><![CDATA[Request method:	PUT
Request URI:	http://165.227.93.41/lojinha/v2/produtos/1046868
Proxy:			<none>
Request params:	<none>
Query params:	<none>
Form params:	<none>
Path params:	<none>
Headers:		token=eyJ0eXAiOiJKV1QiLCJhbGciOiJIUzI1NiJ9.eyJ1c3VhcmlvaWQiOiIyODA2MCIsInVzdWFyaW9sb2dpbiI6ImJlZ2FzIiwidXN1YXJpb25vbWUiOiJCZWdhdmUifQ.qN-Vnh7F4i8l4s0b9tVYX3_EuUvqVRJ1zLcJrry-6jg
				Accept=*/*
				Content-Type=application/json
Cookies:		<none>
Multiparts:		<none>
Body:
{
    "produtoNome": "Neil",
    "produtoValor": 200.0,
    "produtoCores": [
        "preto",
        "Amarelo"
    ],
    "produtoUrlMock": "Dias",
    "componentes": [
        {
            "componenteNome": "Pessoa",
            "componenteQuantidade": 1
        }
    ]
}
HTTP/1.1 200 OK
Date: Wed, 15 Jul 2026 22:08:30 GMT
Server: Apache/2.4.29 (Ubuntu)
Content-Length: 269
Keep-Alive: timeout=5, max=100
Connection: Keep-Alive
Content-Type: application/json

{
    "data": {
        "produtoId": 1046868,
        "produtoNome": "Neil",
        "produtoValor": 200,
        "produtoCores": "preto,Amarelo",
        "produtoUrlMock": "Dias",
        "componentes": [
            {
                "componenteId": 1070331,
                "componenteNome": "Pessoa",
                "componenteQuantidade": 1
            }
        ]
    },
    "message": "Produto alterado com sucesso",
    "error": ""
}
]]></system-out>
  </testcase>
</testsuite>